{"/Users/admin/mycode/tutorials_frontend/redux-mosh/src/math.js": {"path":"/Users/admin/mycode/tutorials_frontend/redux-mosh/src/math.js","statementMap":{"0":{"start":{"line":1,"column":22},"end":{"line":1,"column":44}},"1":{"start":{"line":1,"column":31},"end":{"line":1,"column":44}}},"fnMap":{"0":{"name":"(anonymous_0)","decl":{"start":{"line":1,"column":22},"end":{"line":1,"column":23}},"loc":{"start":{"line":1,"column":31},"end":{"line":1,"column":44}},"line":1}},"branchMap":{},"s":{"0":1,"1":2},"f":{"0":2},"b":{},"_coverageSchema":"1a1c01bbd47fc00a2c39e90264f33305004495a9","hash":"98bfc6d9a875a2a861e7ca9baeddbb374cf430a4"}
,"/Users/admin/mycode/tutorials_frontend/redux-mosh/src/middleware/api.js": {"path":"/Users/admin/mycode/tutorials_frontend/redux-mosh/src/middleware/api.js","statementMap":{"0":{"start":{"line":4,"column":15},"end":{"line":13,"column":1}},"1":{"start":{"line":15,"column":12},"end":{"line":40,"column":1}},"2":{"start":{"line":15,"column":30},"end":{"line":40,"column":1}},"3":{"start":{"line":15,"column":40},"end":{"line":40,"column":1}},"4":{"start":{"line":16,"column":2},"end":{"line":16,"column":69}},"5":{"start":{"line":16,"column":49},"end":{"line":16,"column":69}},"6":{"start":{"line":18,"column":61},"end":{"line":18,"column":75}},"7":{"start":{"line":19,"column":2},"end":{"line":19,"column":43}},"8":{"start":{"line":19,"column":15},"end":{"line":19,"column":43}},"9":{"start":{"line":21,"column":2},"end":{"line":21,"column":15}},"10":{"start":{"line":23,"column":2},"end":{"line":39,"column":3}},"11":{"start":{"line":24,"column":21},"end":{"line":29,"column":6}},"12":{"start":{"line":31,"column":4},"end":{"line":31,"column":52}},"13":{"start":{"line":33,"column":4},"end":{"line":33,"column":73}},"14":{"start":{"line":33,"column":19},"end":{"line":33,"column":73}},"15":{"start":{"line":36,"column":4},"end":{"line":36,"column":51}},"16":{"start":{"line":38,"column":4},"end":{"line":38,"column":69}},"17":{"start":{"line":38,"column":17},"end":{"line":38,"column":69}}},"fnMap":{"0":{"name":"(anonymous_0)","decl":{"start":{"line":15,"column":12},"end":{"line":15,"column":13}},"loc":{"start":{"line":15,"column":30},"end":{"line":40,"column":1}},"line":15},"1":{"name":"(anonymous_1)","decl":{"start":{"line":15,"column":30},"end":{"line":15,"column":31}},"loc":{"start":{"line":15,"column":40},"end":{"line":40,"column":1}},"line":15},"2":{"name":"(anonymous_2)","decl":{"start":{"line":15,"column":40},"end":{"line":15,"column":41}},"loc":{"start":{"line":15,"column":58},"end":{"line":40,"column":1}},"line":15}},"branchMap":{"0":{"loc":{"start":{"line":16,"column":2},"end":{"line":16,"column":69}},"type":"if","locations":[{"start":{"line":16,"column":2},"end":{"line":16,"column":69}},{"start":{"line":16,"column":2},"end":{"line":16,"column":69}}],"line":16},"1":{"loc":{"start":{"line":19,"column":2},"end":{"line":19,"column":43}},"type":"if","locations":[{"start":{"line":19,"column":2},"end":{"line":19,"column":43}},{"start":{"line":19,"column":2},"end":{"line":19,"column":43}}],"line":19},"2":{"loc":{"start":{"line":33,"column":4},"end":{"line":33,"column":73}},"type":"if","locations":[{"start":{"line":33,"column":4},"end":{"line":33,"column":73}},{"start":{"line":33,"column":4},"end":{"line":33,"column":73}}],"line":33},"3":{"loc":{"start":{"line":38,"column":4},"end":{"line":38,"column":69}},"type":"if","locations":[{"start":{"line":38,"column":4},"end":{"line":38,"column":69}},{"start":{"line":38,"column":4},"end":{"line":38,"column":69}}],"line":38}},"s":{"0":1,"1":1,"2":2,"3":2,"4":5,"5":3,"6":2,"7":2,"8":0,"9":2,"10":2,"11":2,"12":1,"13":1,"14":1,"15":1,"16":1,"17":0},"f":{"0":2,"1":2,"2":5},"b":{"0":[3,2],"1":[0,2],"2":[1,0],"3":[0,1]},"_coverageSchema":"1a1c01bbd47fc00a2c39e90264f33305004495a9","hash":"f89cb7a978b41665465b56245f8cf4323993a254"}
,"/Users/admin/mycode/tutorials_frontend/redux-mosh/src/middleware/logger.js": {"path":"/Users/admin/mycode/tutorials_frontend/redux-mosh/src/middleware/logger.js","statementMap":{"0":{"start":{"line":2,"column":15},"end":{"line":5,"column":1}},"1":{"start":{"line":2,"column":26},"end":{"line":5,"column":1}},"2":{"start":{"line":2,"column":37},"end":{"line":5,"column":1}},"3":{"start":{"line":2,"column":47},"end":{"line":5,"column":1}},"4":{"start":{"line":3,"column":2},"end":{"line":3,"column":32}},"5":{"start":{"line":4,"column":2},"end":{"line":4,"column":22}}},"fnMap":{"0":{"name":"(anonymous_0)","decl":{"start":{"line":2,"column":15},"end":{"line":2,"column":16}},"loc":{"start":{"line":2,"column":26},"end":{"line":5,"column":1}},"line":2},"1":{"name":"(anonymous_1)","decl":{"start":{"line":2,"column":26},"end":{"line":2,"column":27}},"loc":{"start":{"line":2,"column":37},"end":{"line":5,"column":1}},"line":2},"2":{"name":"(anonymous_2)","decl":{"start":{"line":2,"column":37},"end":{"line":2,"column":38}},"loc":{"start":{"line":2,"column":47},"end":{"line":5,"column":1}},"line":2},"3":{"name":"(anonymous_3)","decl":{"start":{"line":2,"column":47},"end":{"line":2,"column":48}},"loc":{"start":{"line":2,"column":59},"end":{"line":5,"column":1}},"line":2}},"branchMap":{},"s":{"0":1,"1":2,"2":2,"3":2,"4":5,"5":5},"f":{"0":2,"1":2,"2":2,"3":5},"b":{},"_coverageSchema":"1a1c01bbd47fc00a2c39e90264f33305004495a9","hash":"154d0823d6a3fbae646e529af4c668d3c966c736"}
,"/Users/admin/mycode/tutorials_frontend/redux-mosh/src/middleware/toast.js": {"path":"/Users/admin/mycode/tutorials_frontend/redux-mosh/src/middleware/toast.js","statementMap":{"0":{"start":{"line":1,"column":14},"end":{"line":5,"column":1}},"1":{"start":{"line":1,"column":25},"end":{"line":5,"column":1}},"2":{"start":{"line":1,"column":35},"end":{"line":5,"column":1}},"3":{"start":{"line":2,"column":2},"end":{"line":4,"column":27}},"4":{"start":{"line":3,"column":4},"end":{"line":3,"column":54}},"5":{"start":{"line":4,"column":7},"end":{"line":4,"column":27}}},"fnMap":{"0":{"name":"(anonymous_0)","decl":{"start":{"line":1,"column":14},"end":{"line":1,"column":15}},"loc":{"start":{"line":1,"column":25},"end":{"line":5,"column":1}},"line":1},"1":{"name":"(anonymous_1)","decl":{"start":{"line":1,"column":25},"end":{"line":1,"column":26}},"loc":{"start":{"line":1,"column":35},"end":{"line":5,"column":1}},"line":1},"2":{"name":"(anonymous_2)","decl":{"start":{"line":1,"column":35},"end":{"line":1,"column":36}},"loc":{"start":{"line":1,"column":47},"end":{"line":5,"column":1}},"line":1}},"branchMap":{"0":{"loc":{"start":{"line":2,"column":2},"end":{"line":4,"column":27}},"type":"if","locations":[{"start":{"line":2,"column":2},"end":{"line":4,"column":27}},{"start":{"line":2,"column":2},"end":{"line":4,"column":27}}],"line":2}},"s":{"0":1,"1":2,"2":2,"3":5,"4":0,"5":5},"f":{"0":2,"1":2,"2":5},"b":{"0":[0,5]},"_coverageSchema":"1a1c01bbd47fc00a2c39e90264f33305004495a9","hash":"2476969820d7fc4f632433fc751c07dfdb1c6df2"}
,"/Users/admin/mycode/tutorials_frontend/redux-mosh/src/store/api.js": {"path":"/Users/admin/mycode/tutorials_frontend/redux-mosh/src/store/api.js","statementMap":{"0":{"start":{"line":3,"column":28},"end":{"line":3,"column":57}},"1":{"start":{"line":4,"column":30},"end":{"line":4,"column":61}},"2":{"start":{"line":5,"column":29},"end":{"line":5,"column":59}}},"fnMap":{},"branchMap":{},"s":{"0":1,"1":1,"2":1},"f":{},"b":{},"_coverageSchema":"1a1c01bbd47fc00a2c39e90264f33305004495a9","hash":"e496e77235e1057d0506423e023b61a5b11d4832"}
,"/Users/admin/mycode/tutorials_frontend/redux-mosh/src/store/bugs.js": {"path":"/Users/admin/mycode/tutorials_frontend/redux-mosh/src/store/bugs.js","statementMap":{"0":{"start":{"line":8,"column":14},"end":{"line":44,"column":2}},"1":{"start":{"line":18,"column":6},"end":{"line":18,"column":26}},"2":{"start":{"line":21,"column":6},"end":{"line":21,"column":27}},"3":{"start":{"line":25,"column":6},"end":{"line":25,"column":33}},"4":{"start":{"line":26,"column":6},"end":{"line":26,"column":27}},"5":{"start":{"line":27,"column":6},"end":{"line":27,"column":34}},"6":{"start":{"line":30,"column":36},"end":{"line":30,"column":50}},"7":{"start":{"line":31,"column":20},"end":{"line":31,"column":66}},"8":{"start":{"line":31,"column":49},"end":{"line":31,"column":65}},"9":{"start":{"line":32,"column":6},"end":{"line":32,"column":39}},"10":{"start":{"line":37,"column":6},"end":{"line":37,"column":37}},"11":{"start":{"line":40,"column":20},"end":{"line":40,"column":78}},"12":{"start":{"line":40,"column":49},"end":{"line":40,"column":77}},"13":{"start":{"line":41,"column":6},"end":{"line":41,"column":39}},"14":{"start":{"line":53,"column":4},"end":{"line":53,"column":17}},"15":{"start":{"line":59,"column":12},"end":{"line":59,"column":19}},"16":{"start":{"line":61,"column":24},"end":{"line":75,"column":1}},"17":{"start":{"line":61,"column":30},"end":{"line":75,"column":1}},"18":{"start":{"line":62,"column":24},"end":{"line":62,"column":48}},"19":{"start":{"line":64,"column":24},"end":{"line":64,"column":67}},"20":{"start":{"line":65,"column":2},"end":{"line":65,"column":33}},"21":{"start":{"line":65,"column":26},"end":{"line":65,"column":33}},"22":{"start":{"line":67,"column":2},"end":{"line":74,"column":4}},"23":{"start":{"line":77,"column":31},"end":{"line":83,"column":4}},"24":{"start":{"line":78,"column":2},"end":{"line":83,"column":4}},"25":{"start":{"line":85,"column":22},"end":{"line":91,"column":4}},"26":{"start":{"line":86,"column":2},"end":{"line":91,"column":4}},"27":{"start":{"line":93,"column":26},"end":{"line":101,"column":4}},"28":{"start":{"line":94,"column":2},"end":{"line":101,"column":4}},"29":{"start":{"line":103,"column":33},"end":{"line":107,"column":1}},"30":{"start":{"line":104,"column":13},"end":{"line":104,"column":32}},"31":{"start":{"line":105,"column":13},"end":{"line":105,"column":36}},"32":{"start":{"line":106,"column":22},"end":{"line":106,"column":57}},"33":{"start":{"line":106,"column":43},"end":{"line":106,"column":56}},"34":{"start":{"line":109,"column":29},"end":{"line":113,"column":3}},"35":{"start":{"line":110,"column":2},"end":{"line":113,"column":3}},"36":{"start":{"line":111,"column":15},"end":{"line":111,"column":34}},"37":{"start":{"line":112,"column":14},"end":{"line":112,"column":57}},"38":{"start":{"line":112,"column":35},"end":{"line":112,"column":56}}},"fnMap":{"0":{"name":"(anonymous_0)","decl":{"start":{"line":17,"column":19},"end":{"line":17,"column":20}},"loc":{"start":{"line":17,"column":37},"end":{"line":19,"column":5}},"line":17},"1":{"name":"(anonymous_1)","decl":{"start":{"line":20,"column":23},"end":{"line":20,"column":24}},"loc":{"start":{"line":20,"column":41},"end":{"line":22,"column":5}},"line":20},"2":{"name":"(anonymous_2)","decl":{"start":{"line":24,"column":18},"end":{"line":24,"column":19}},"loc":{"start":{"line":24,"column":36},"end":{"line":28,"column":5}},"line":24},"3":{"name":"(anonymous_3)","decl":{"start":{"line":29,"column":23},"end":{"line":29,"column":24}},"loc":{"start":{"line":29,"column":41},"end":{"line":33,"column":5}},"line":29},"4":{"name":"(anonymous_4)","decl":{"start":{"line":31,"column":40},"end":{"line":31,"column":41}},"loc":{"start":{"line":31,"column":49},"end":{"line":31,"column":65}},"line":31},"5":{"name":"(anonymous_5)","decl":{"start":{"line":36,"column":14},"end":{"line":36,"column":15}},"loc":{"start":{"line":36,"column":32},"end":{"line":38,"column":5}},"line":36},"6":{"name":"(anonymous_6)","decl":{"start":{"line":39,"column":17},"end":{"line":39,"column":18}},"loc":{"start":{"line":39,"column":35},"end":{"line":42,"column":5}},"line":39},"7":{"name":"(anonymous_7)","decl":{"start":{"line":40,"column":40},"end":{"line":40,"column":41}},"loc":{"start":{"line":40,"column":49},"end":{"line":40,"column":77}},"line":40},"8":{"name":"(anonymous_8)","decl":{"start":{"line":61,"column":24},"end":{"line":61,"column":25}},"loc":{"start":{"line":61,"column":30},"end":{"line":75,"column":1}},"line":61},"9":{"name":"(anonymous_9)","decl":{"start":{"line":61,"column":30},"end":{"line":61,"column":31}},"loc":{"start":{"line":61,"column":54},"end":{"line":75,"column":1}},"line":61},"10":{"name":"(anonymous_10)","decl":{"start":{"line":77,"column":31},"end":{"line":77,"column":32}},"loc":{"start":{"line":78,"column":2},"end":{"line":83,"column":4}},"line":78},"11":{"name":"(anonymous_11)","decl":{"start":{"line":85,"column":22},"end":{"line":85,"column":23}},"loc":{"start":{"line":86,"column":2},"end":{"line":91,"column":4}},"line":86},"12":{"name":"(anonymous_12)","decl":{"start":{"line":93,"column":26},"end":{"line":93,"column":27}},"loc":{"start":{"line":94,"column":2},"end":{"line":101,"column":4}},"line":94},"13":{"name":"(anonymous_13)","decl":{"start":{"line":104,"column":2},"end":{"line":104,"column":3}},"loc":{"start":{"line":104,"column":13},"end":{"line":104,"column":32}},"line":104},"14":{"name":"(anonymous_14)","decl":{"start":{"line":105,"column":2},"end":{"line":105,"column":3}},"loc":{"start":{"line":105,"column":13},"end":{"line":105,"column":36}},"line":105},"15":{"name":"(anonymous_15)","decl":{"start":{"line":106,"column":2},"end":{"line":106,"column":3}},"loc":{"start":{"line":106,"column":22},"end":{"line":106,"column":57}},"line":106},"16":{"name":"(anonymous_16)","decl":{"start":{"line":106,"column":34},"end":{"line":106,"column":35}},"loc":{"start":{"line":106,"column":43},"end":{"line":106,"column":56}},"line":106},"17":{"name":"(anonymous_17)","decl":{"start":{"line":109,"column":29},"end":{"line":109,"column":30}},"loc":{"start":{"line":110,"column":2},"end":{"line":113,"column":3}},"line":110},"18":{"name":"(anonymous_18)","decl":{"start":{"line":111,"column":4},"end":{"line":111,"column":5}},"loc":{"start":{"line":111,"column":15},"end":{"line":111,"column":34}},"line":111},"19":{"name":"(anonymous_19)","decl":{"start":{"line":112,"column":4},"end":{"line":112,"column":5}},"loc":{"start":{"line":112,"column":14},"end":{"line":112,"column":57}},"line":112},"20":{"name":"(anonymous_20)","decl":{"start":{"line":112,"column":26},"end":{"line":112,"column":27}},"loc":{"start":{"line":112,"column":35},"end":{"line":112,"column":56}},"line":112}},"branchMap":{"0":{"loc":{"start":{"line":65,"column":2},"end":{"line":65,"column":33}},"type":"if","locations":[{"start":{"line":65,"column":2},"end":{"line":65,"column":33}},{"start":{"line":65,"column":2},"end":{"line":65,"column":33}}],"line":65}},"s":{"0":1,"1":0,"2":0,"3":0,"4":0,"5":0,"6":0,"7":0,"8":0,"9":0,"10":1,"11":0,"12":0,"13":0,"14":1,"15":1,"16":1,"17":0,"18":0,"19":0,"20":0,"21":0,"22":0,"23":1,"24":0,"25":1,"26":2,"27":1,"28":0,"29":1,"30":0,"31":0,"32":0,"33":0,"34":1,"35":0,"36":0,"37":0,"38":0},"f":{"0":0,"1":0,"2":0,"3":0,"4":0,"5":1,"6":0,"7":0,"8":0,"9":0,"10":0,"11":2,"12":0,"13":0,"14":0,"15":0,"16":0,"17":0,"18":0,"19":0,"20":0},"b":{"0":[0,0]},"_coverageSchema":"1a1c01bbd47fc00a2c39e90264f33305004495a9","hash":"51938d044ed2c00b51aa874a82513910dca78aff"}
,"/Users/admin/mycode/tutorials_frontend/redux-mosh/src/store/configureStore.js": {"path":"/Users/admin/mycode/tutorials_frontend/redux-mosh/src/store/configureStore.js","statementMap":{"0":{"start":{"line":8,"column":2},"end":{"line":16,"column":5}}},"fnMap":{"0":{"name":"(anonymous_0)","decl":{"start":{"line":7,"column":15},"end":{"line":7,"column":16}},"loc":{"start":{"line":7,"column":27},"end":{"line":17,"column":1}},"line":7}},"branchMap":{},"s":{"0":2},"f":{"0":2},"b":{},"_coverageSchema":"1a1c01bbd47fc00a2c39e90264f33305004495a9","hash":"7d4e390197cc77d0bee62655d0b7dff323934f8d"}
,"/Users/admin/mycode/tutorials_frontend/redux-mosh/src/store/entities.js": {"path":"/Users/admin/mycode/tutorials_frontend/redux-mosh/src/store/entities.js","statementMap":{},"fnMap":{},"branchMap":{},"s":{},"f":{},"b":{},"_coverageSchema":"1a1c01bbd47fc00a2c39e90264f33305004495a9","hash":"d9a186d30529a4f82b325d28ee740906060b3907"}
,"/Users/admin/mycode/tutorials_frontend/redux-mosh/src/store/projects.js": {"path":"/Users/admin/mycode/tutorials_frontend/redux-mosh/src/store/projects.js","statementMap":{"0":{"start":{"line":4,"column":13},"end":{"line":4,"column":14}},"1":{"start":{"line":6,"column":14},"end":{"line":18,"column":2}},"2":{"start":{"line":12,"column":6},"end":{"line":15,"column":9}},"3":{"start":{"line":20,"column":32},"end":{"line":20,"column":45}}},"fnMap":{"0":{"name":"(anonymous_0)","decl":{"start":{"line":11,"column":18},"end":{"line":11,"column":19}},"loc":{"start":{"line":11,"column":40},"end":{"line":16,"column":5}},"line":11}},"branchMap":{},"s":{"0":1,"1":1,"2":0,"3":1},"f":{"0":0},"b":{},"_coverageSchema":"1a1c01bbd47fc00a2c39e90264f33305004495a9","hash":"d8cb3a8467aa252d63303867fe356936f6a1ade4"}
,"/Users/admin/mycode/tutorials_frontend/redux-mosh/src/store/reducers.js": {"path":"/Users/admin/mycode/tutorials_frontend/redux-mosh/src/store/reducers.js","statementMap":{},"fnMap":{},"branchMap":{},"s":{},"f":{},"b":{},"_coverageSchema":"1a1c01bbd47fc00a2c39e90264f33305004495a9","hash":"fcdc4c34adde48cbb8afe2eb9b29f8c8b49e93e2"}
,"/Users/admin/mycode/tutorials_frontend/redux-mosh/src/store/users.js": {"path":"/Users/admin/mycode/tutorials_frontend/redux-mosh/src/store/users.js","statementMap":{"0":{"start":{"line":4,"column":13},"end":{"line":4,"column":14}},"1":{"start":{"line":6,"column":14},"end":{"line":18,"column":2}},"2":{"start":{"line":12,"column":6},"end":{"line":15,"column":9}},"3":{"start":{"line":20,"column":29},"end":{"line":20,"column":42}}},"fnMap":{"0":{"name":"(anonymous_0)","decl":{"start":{"line":11,"column":15},"end":{"line":11,"column":16}},"loc":{"start":{"line":11,"column":34},"end":{"line":16,"column":5}},"line":11}},"branchMap":{},"s":{"0":1,"1":1,"2":0,"3":1},"f":{"0":0},"b":{},"_coverageSchema":"1a1c01bbd47fc00a2c39e90264f33305004495a9","hash":"1b53ae7d9c5f3590070d8ca307f56c8c248f606b"}
}
