TN:
SF:src/math.js
FN:1,(anonymous_0)
FNF:1
FNH:1
FNDA:2,(anonymous_0)
DA:1,2
LF:1
LH:1
BRF:0
BRH:0
end_of_record
TN:
SF:src/middleware/api.js
FN:15,(anonymous_0)
FN:15,(anonymous_1)
FN:15,(anonymous_2)
FNF:3
FNH:3
FNDA:2,(anonymous_0)
FNDA:2,(anonymous_1)
FNDA:5,(anonymous_2)
DA:4,1
DA:15,2
DA:16,5
DA:18,2
DA:19,2
DA:21,2
DA:23,2
DA:24,2
DA:31,1
DA:33,1
DA:36,1
DA:38,1
LF:12
LH:12
BRDA:16,0,0,3
BRDA:16,0,1,2
BRDA:19,1,0,0
BRDA:19,1,1,2
BRDA:33,2,0,1
BRDA:33,2,1,0
BRDA:38,3,0,0
BRDA:38,3,1,1
BRF:8
BRH:5
end_of_record
TN:
SF:src/middleware/logger.js
FN:2,(anonymous_0)
FN:2,(anonymous_1)
FN:2,(anonymous_2)
FN:2,(anonymous_3)
FNF:4
FNH:4
FNDA:2,(anonymous_0)
FNDA:2,(anonymous_1)
FNDA:2,(anonymous_2)
FNDA:5,(anonymous_3)
DA:2,2
DA:3,5
DA:4,5
LF:3
LH:3
BRF:0
BRH:0
end_of_record
TN:
SF:src/middleware/toast.js
FN:1,(anonymous_0)
FN:1,(anonymous_1)
FN:1,(anonymous_2)
FNF:3
FNH:3
FNDA:2,(anonymous_0)
FNDA:2,(anonymous_1)
FNDA:5,(anonymous_2)
DA:1,2
DA:2,5
DA:3,0
DA:4,5
LF:4
LH:3
BRDA:2,0,0,0
BRDA:2,0,1,5
BRF:2
BRH:1
end_of_record
TN:
SF:src/store/api.js
FNF:0
FNH:0
DA:3,1
DA:4,1
DA:5,1
LF:3
LH:3
BRF:0
BRH:0
end_of_record
TN:
SF:src/store/bugs.js
FN:17,(anonymous_0)
FN:20,(anonymous_1)
FN:24,(anonymous_2)
FN:29,(anonymous_3)
FN:31,(anonymous_4)
FN:36,(anonymous_5)
FN:39,(anonymous_6)
FN:40,(anonymous_7)
FN:61,(anonymous_8)
FN:61,(anonymous_9)
FN:77,(anonymous_10)
FN:85,(anonymous_11)
FN:93,(anonymous_12)
FN:104,(anonymous_13)
FN:105,(anonymous_14)
FN:106,(anonymous_15)
FN:106,(anonymous_16)
FN:109,(anonymous_17)
FN:111,(anonymous_18)
FN:112,(anonymous_19)
FN:112,(anonymous_20)
FNF:21
FNH:2
FNDA:0,(anonymous_0)
FNDA:0,(anonymous_1)
FNDA:0,(anonymous_2)
FNDA:0,(anonymous_3)
FNDA:0,(anonymous_4)
FNDA:1,(anonymous_5)
FNDA:0,(anonymous_6)
FNDA:0,(anonymous_7)
FNDA:0,(anonymous_8)
FNDA:0,(anonymous_9)
FNDA:0,(anonymous_10)
FNDA:2,(anonymous_11)
FNDA:0,(anonymous_12)
FNDA:0,(anonymous_13)
FNDA:0,(anonymous_14)
FNDA:0,(anonymous_15)
FNDA:0,(anonymous_16)
FNDA:0,(anonymous_17)
FNDA:0,(anonymous_18)
FNDA:0,(anonymous_19)
FNDA:0,(anonymous_20)
DA:8,1
DA:18,0
DA:21,0
DA:25,0
DA:26,0
DA:27,0
DA:30,0
DA:31,0
DA:32,0
DA:37,1
DA:40,0
DA:41,0
DA:53,1
DA:59,1
DA:61,1
DA:62,0
DA:64,0
DA:65,0
DA:67,0
DA:77,1
DA:78,0
DA:85,1
DA:86,2
DA:93,1
DA:94,0
DA:103,1
DA:104,0
DA:105,0
DA:106,0
DA:109,1
DA:110,0
DA:111,0
DA:112,0
LF:33
LH:11
BRDA:65,0,0,0
BRDA:65,0,1,0
BRF:2
BRH:0
end_of_record
TN:
SF:src/store/configureStore.js
FN:7,(anonymous_0)
FNF:1
FNH:1
FNDA:2,(anonymous_0)
DA:8,2
LF:1
LH:1
BRF:0
BRH:0
end_of_record
TN:
SF:src/store/entities.js
FNF:0
FNH:0
LF:0
LH:0
BRF:0
BRH:0
end_of_record
TN:
SF:src/store/projects.js
FN:11,(anonymous_0)
FNF:1
FNH:0
FNDA:0,(anonymous_0)
DA:4,1
DA:6,1
DA:12,0
DA:20,1
LF:4
LH:3
BRF:0
BRH:0
end_of_record
TN:
SF:src/store/reducers.js
FNF:0
FNH:0
LF:0
LH:0
BRF:0
BRH:0
end_of_record
TN:
SF:src/store/users.js
FN:11,(anonymous_0)
FNF:1
FNH:0
FNDA:0,(anonymous_0)
DA:4,1
DA:6,1
DA:12,0
DA:20,1
LF:4
LH:3
BRF:0
BRH:0
end_of_record
